<?xml version="1.0" encoding="UTF-8"?>
<!-- Generated by org.testng.reporters.JUnitReportReporter -->
<testsuite hostname="DESKTOP-TLRQ9UM" failures="0" tests="1" name="testPackage.TestClassTNG" time="8.100" errors="0" timestamp="2023-03-23T09:49:54 IST" skipped="0">
  <testcase classname="testPackage.TestClassTNG" name="VerifyDashboardElemenents" time="8.100"/>
  <system-out/>
</testsuite> <!-- testPackage.TestClassTNG -->
